C51 COMPILER V9.05   NOTE                                                                  07/18/2016 05:56:21 PAGE 1   


C51 COMPILER V9.05, COMPILATION OF MODULE NOTE
OBJECT MODULE PLACED IN note.OBJ
COMPILER INVOKED BY: C:\Keil\C51\BIN\C51.EXE note.c BROWSE DEBUG OBJECTEXTEND

line level    source

   1          #include<reg51.h>
   2          #include<delay.h>
   3          #include<lcd.h>
   4          #define adc P2
   5          sbit SC=P3^3;
   6          sbit s1=P3^0;
   7          sbit s2=P3^1;
   8          sbit s3=P3^2;
   9          
  10          unsigned char ADC()
  11          {
  12   1      SC=0;
  13   1      ms_delay(10);
  14   1      SC=1;
  15   1      ms_delay(20);
  16   1      SC=0;
  17   1      ms_delay(30);
  18   1      return(adc);
  19   1      }
  20          
  21          void main()
  22          {
  23   1      unsigned char Q;
  24   1      //bit f;
  25   1      P0=0;
  26   1      lcd_init();  
  27   1                        lcd_cmd(0x01);
  28   1                        lcd_cmd(0x80);
  29   1                        lcd_puts("Light Intensity!");
  30   1                                        lcd_cmd(0xc3);
  31   1                        lcd_puts("%");
  32   1      while(1)
  33   1      {
  34   2                        lcd_cmd(0xc0);
  35   2                                        Q=ADC();
  36   2                                        Q=Q/2.55;
  37   2                                        lcd_print(Q);
  38   2                                        ms_delay(200);
  39   2      }
  40   1      }


MODULE INFORMATION:   STATIC OVERLAYABLE
   CODE SIZE        =    289    ----
   CONSTANT SIZE    =     19    ----
   XDATA SIZE       =   ----    ----
   PDATA SIZE       =   ----    ----
   DATA SIZE        =   ----    ----
   IDATA SIZE       =   ----    ----
   BIT SIZE         =   ----    ----
END OF MODULE INFORMATION.


C51 COMPILATION COMPLETE.  0 WARNING(S),  0 ERROR(S)
