C51 COMPILER V9.05   NOTE                                                                  07/30/2016 02:19:38 PAGE 1   


C51 COMPILER V9.05, COMPILATION OF MODULE NOTE
OBJECT MODULE PLACED IN note.OBJ
COMPILER INVOKED BY: C:\Keil\C51\BIN\C51.EXE note.c BROWSE DEBUG OBJECTEXTEND

line level    source

   1          #include<reg51.h>
   2          #include<delay.h>
   3          #include<lcd.h>
   4          #define motor P0
   5          #define adc P2
   6          sbit SC=P3^3;
   7          sbit bulb=P0^1;
   8          #define off 0
   9          #define on 1
  10          void clk(unsigned char a)
  11          {
  12   1      unsigned char c;
  13   1      for(c=0;c<a;c++)
  14   1      {
  15   2      motor=0X04;
  16   2      ms_delay(30);
  17   2      motor=0X08;
  18   2      ms_delay(30);
  19   2      motor=0X10;
  20   2      ms_delay(30);
  21   2      motor=0X20;
  22   2      ms_delay(30);
  23   2      }
  24   1      }
  25          void aclk(unsigned char b)
  26          {
  27   1      unsigned char d;
  28   1      for(d=0;d<b;d++)
  29   1      {
  30   2      motor=0X20;
  31   2      ms_delay(30);
  32   2      motor=0X10;
  33   2      ms_delay(30);
  34   2      motor=0X08;
  35   2      ms_delay(30);
  36   2      motor=0X04;
  37   2      ms_delay(30);
  38   2      }
  39   1      }
  40          unsigned char ADC()
  41          {
  42   1      SC=0;
  43   1      ms_delay(10);
  44   1      SC=1;
  45   1      ms_delay(20);
  46   1      SC=0;
  47   1      ms_delay(30);
  48   1      return(adc);
  49   1      }
  50          void main()
  51          {
  52   1              unsigned char Q;
  53   1          int A,M,T,B,f,S=0xc0;
  54   1              P0=0;
  55   1              lcd_init();
C51 COMPILER V9.05   NOTE                                                                  07/30/2016 02:19:38 PAGE 2   

  56   1              lcd_cmd(0x01);                  
  57   1                                        
  58   1              SCON=0x50;
  59   1              TMOD=0x20;
  60   1      
  61   1              M=11.0592/12;
  62   1              T=M/32;
  63   1              
  64   1              B=T/9600;
  65   1      
  66   1              TL1=TH1=0xfd;
  67   1              TR1=1;
  68   1              
  69   1        
  70   1        lcd_cmd(0x01);
  71   1                                        lcd_cmd(0x80);
  72   1                        lcd_puts("  Recieving...  ");
  73   1                                        
  74   1              while(1)
  75   1      {                            
  76   2                                        while(RI!=1);
  77   2                                        RI=0;
  78   2                                        M=SBUF;
  79   2                                        lcd_cmd(S);
  80   2                                    lcd_dat(M);
  81   2                        S++;
  82   2                                              if(S>0xcf)
  83   2                                                      S=0xc0;
  84   2                                else if(M==8)
  85   2                                        {
  86   3                                        lcd_cmd(0xc0);
  87   3                        lcd_puts("                ");
  88   3                                        S=0xc0;
  89   3                                        f=0;
  90   3                                        }
  91   2                                        else if(M=='`')
  92   2                                        {
  93   3                                         S--;
  94   3                                              lcd_cmd(S);
  95   3                                              lcd_dat(' ');
  96   3                                                      if(S<0xc0)
  97   3                                                      S=0xc0;
  98   3                                    }
  99   2                                else if(M==49)
 100   2                                        {
 101   3                                        while(RI==0)
 102   3                                        {
 103   4                                        clk(1);
 104   4                                        }
 105   3                                }
 106   2                                        else if(M==50)
 107   2                                        {
 108   3                                        while(RI==0)
 109   3                                        {
 110   4                                        motor=off;
 111   4                                        aclk(1);
 112   4                                        }
 113   3                                        }
 114   2                                        else if(M==51)
 115   2                                        {
 116   3                                         bulb=on;
 117   3                                        }
C51 COMPILER V9.05   NOTE                                                                  07/30/2016 02:19:38 PAGE 3   

 118   2                                        else if(M==52)
 119   2                                        {
 120   3                                                         lcd_init();  
 121   3                                         lcd_cmd(0x01);
 122   3                                                         lcd_cmd(0x80);
 123   3                                                         lcd_puts("Light Intensity!");
 124   3                                                             lcd_cmd(0xc3);
 125   3                                         lcd_puts("%");
 126   3                         while(RI==0  )
 127   3                        {
 128   4                                   lcd_cmd(0xc0);
 129   4                                                   Q=ADC();
 130   4                                                   Q=Q/2.55;
 131   4                                                   lcd_print(Q);
 132   4                                                   ms_delay(200);
 133   4                                         
 134   4                        }
 135   3                                        }
 136   2                                        else
 137   2                            {
 138   3                                         adc=off;
 139   3                                         motor=off;
 140   3                                        }         
 141   2                                        }
 142   1      
 143   1                                                                
 144   1      }                                  
*** WARNING C280 IN LINE 53 OF note.c: 'A': unreferenced local variable


MODULE INFORMATION:   STATIC OVERLAYABLE
   CODE SIZE        =    646    ----
   CONSTANT SIZE    =     53    ----
   XDATA SIZE       =   ----    ----
   PDATA SIZE       =   ----    ----
   DATA SIZE        =   ----      10
   IDATA SIZE       =   ----    ----
   BIT SIZE         =   ----    ----
END OF MODULE INFORMATION.


C51 COMPILATION COMPLETE.  1 WARNING(S),  0 ERROR(S)
