C51 COMPILER V9.05   NOTE                                                                  07/30/2016 07:09:00 PAGE 1   


C51 COMPILER V9.05, COMPILATION OF MODULE NOTE
OBJECT MODULE PLACED IN note.OBJ
COMPILER INVOKED BY: C:\Keil\C51\BIN\C51.EXE note.c BROWSE DEBUG OBJECTEXTEND

line level    source

   1          #include<reg51.h>
   2          #include<delay.h>
   3          #include<lcd.h>
   4          #include<stpr.h>
   5          #define adc P2
   6          sbit SC=P3^3;
   7          sbit s1=P3^0;
   8          sbit s2=P3^1;
   9          sbit s3=P3^2;
  10          sbit bulb=P0^1;
  11          unsigned char ADC()
  12          {
  13   1      SC=0;
  14   1      ms_delay(10);
  15   1      SC=1;
  16   1      ms_delay(20);
  17   1      SC=0;
  18   1      ms_delay(30);
  19   1      return(adc);
  20   1      }
  21          void main()
  22          {
  23   1      unsigned char Q;
  24   1      signed char A,B,C,D;
  25   1      //bit f;
  26   1      P0=0;
  27   1      P1=0xff;
  28   1      lcd_init();
  29   1      while(1)
  30   1      {  
  31   2         A=B=C=D=0;
  32   2         lcd_cmd(0x01);
  33   2         lcd_cmd(0x84);
  34   2         lcd_puts("PASSWORD");
  35   2         while(s3==1)
  36   2         {    
  37   3         if(s1==0)
  38   3                 {
  39   4                 A++;
  40   4                 }
  41   3                 while(s1==0);
  42   3                 if(A==10)
  43   3                         {
  44   4                         A=0;
  45   4                         }
  46   3         if(s2==0)
  47   3                 {
  48   4                A--;
  49   4                }
  50   3                 while(s2==0);
  51   3                 if(A<0)
  52   3                         {
  53   4                         A=9;
  54   4                         }
  55   3         lcd_cmd(0xc0);
C51 COMPILER V9.05   NOTE                                                                  07/30/2016 07:09:00 PAGE 2   

  56   3         lcd_dat(A+48);
  57   3         }
  58   2         lcd_cmd(0xc0);
  59   2         lcd_dat('*');
  60   2         ms_delay(500);
  61   2       while(s3==1)
  62   2         {
  63   3         if(s1==0)
  64   3                 {
  65   4                 B++;
  66   4                 while(s1==0);
  67   4                 if(B==10)
  68   4                         {
  69   5                         B=0;
  70   5                         }
  71   4                 }
  72   3         if(s2==0)
  73   3                 {
  74   4                B--;
  75   4                 while(s2==0);
  76   4                 if(B<0)
  77   4                         {
  78   5                         B=9;
  79   5                         }
  80   4                  
  81   4                 }
  82   3         lcd_cmd(0xc1);
  83   3         lcd_dat(B+48);
  84   3         }
  85   2         lcd_cmd(0xc1);
  86   2         lcd_dat('*');
  87   2         ms_delay(500);
  88   2         while(s3==1)
  89   2         {
  90   3         if(s1==0)
  91   3                 {
  92   4                 C++;
  93   4                 while(s1==0);
  94   4                 if(C==10)
  95   4                         {
  96   5                         C=0;
  97   5                         }
  98   4                 }
  99   3         if(s2==0)
 100   3                 {
 101   4                C--;
 102   4                 while(s2==0);
 103   4                 if(C<0)
 104   4                         {
 105   5                          C=9;
 106   5                         }
 107   4                  
 108   4                 }
 109   3         lcd_cmd(0xc2);
 110   3         lcd_dat(C+48);
 111   3         }
 112   2         lcd_cmd(0xc2);
 113   2         lcd_dat('*');
 114   2         ms_delay(500);
 115   2         while(s3==1)
 116   2         {
 117   3         if(s1==0)
C51 COMPILER V9.05   NOTE                                                                  07/30/2016 07:09:00 PAGE 3   

 118   3                 {
 119   4                 D++;
 120   4                 while(s1==0);
 121   4                 if(D==10)
 122   4                         {
 123   5                         D=0;
 124   5                         }
 125   4                 }
 126   3         if(s2==0)
 127   3                 {
 128   4                D--;
 129   4                 while(s2==0);
 130   4                 if(D<0)
 131   4                         {
 132   5                         D=9;
 133   5                         }
 134   4                  
 135   4                 }
 136   3         lcd_cmd(0xc3);
 137   3         lcd_dat(D+48); 
 138   3         }
 139   2         lcd_cmd(0xc3);
 140   2         lcd_dat('*');
 141   2         ms_delay(500);
 142   2        
 143   2         if(A==1 && B==2 && C==3 && D==4)
 144   2         {
 145   3          lcd_cmd(0x01);
 146   3              lcd_cmd(0x84);
 147   3              lcd_puts("CORRECT!");
 148   3              secdelay(2);
 149   3              }
 150   2              else
 151   2              { 
 152   3              lcd_cmd(0x01);
 153   3               secdelay(1);
 154   3              lcd_cmd(0x81);
 155   3              lcd_puts("INCORRECT -_-");
 156   3              lcd_cmd(0xC2);
 157   3              lcd_puts("Try Again!");
 158   3              secdelay(1);
 159   3              while(s1!=0);
 160   3              lcd_cmd(0x01);
 161   3              ms_delay(500);
 162   3              A=B=C=D=0;
 163   3         lcd_cmd(0x01);
 164   3         lcd_cmd(0x84);
 165   3         lcd_puts("PASSWORD");
 166   3         while(s3==1)
 167   3         {    
 168   4         if(s1==0)
 169   4                 {
 170   5                 A++;
 171   5                 }
 172   4                 while(s1==0);
 173   4                 if(A==10)
 174   4                         {
 175   5                         A=0;
 176   5                         }
 177   4         if(s2==0)
 178   4                 {
 179   5                A--;
C51 COMPILER V9.05   NOTE                                                                  07/30/2016 07:09:00 PAGE 4   

 180   5                }
 181   4                 while(s2==0);
 182   4                 if(A<0)
 183   4                         {
 184   5                         A=9;
 185   5                         }
 186   4         lcd_cmd(0xc0);
 187   4         lcd_dat(A+48);
 188   4         }
 189   3         lcd_cmd(0xc0);
 190   3         lcd_dat('*');
 191   3         ms_delay(500);
 192   3       while(s3==1)
 193   3         {
 194   4         if(s1==0)
 195   4                 {
 196   5                 B++;
 197   5                 while(s1==0);
 198   5                 if(B==10)
 199   5                         {
 200   6                         B=0;
 201   6                         }
 202   5                 }
 203   4         if(s2==0)
 204   4                 {
 205   5                B--;
 206   5                 while(s2==0);
 207   5                 if(B<0)
 208   5                         {
 209   6                         B=9;
 210   6                         }
 211   5                  
 212   5                 }
 213   4         lcd_cmd(0xc1);
 214   4         lcd_dat(B+48);
 215   4         }
 216   3         lcd_cmd(0xc1);
 217   3         lcd_dat('*');
 218   3         ms_delay(500);
 219   3         while(s3==1)
 220   3         {
 221   4         if(s1==0)
 222   4                 {
 223   5                 C++;
 224   5                 while(s1==0);
 225   5                 if(C==10)
 226   5                         {
 227   6                         C=0;
 228   6                         }
 229   5                 }
 230   4         if(s2==0)
 231   4                 {
 232   5                C--;
 233   5                 while(s2==0);
 234   5                 if(C<0)
 235   5                         {
 236   6                          C=9;
 237   6                         }
 238   5                  
 239   5                 }
 240   4         lcd_cmd(0xc2);
 241   4         lcd_dat(C+48);
C51 COMPILER V9.05   NOTE                                                                  07/30/2016 07:09:00 PAGE 5   

 242   4         }
 243   3         lcd_cmd(0xc2);
 244   3         lcd_dat('*');
 245   3         ms_delay(500);
 246   3         while(s3==1)
 247   3         {
 248   4         if(s1==0)
 249   4                 {
 250   5                 D++;
 251   5                 while(s1==0);
 252   5                 if(D==10)
 253   5                         {
 254   6                         D=0;
 255   6                         }
 256   5                 }
 257   4         if(s2==0)
 258   4                 {
 259   5                D--;
 260   5                 while(s2==0);
 261   5                 if(D<0)
 262   5                         {
 263   6                         D=9;
 264   6                         }
 265   5                  
 266   5                 }
 267   4         lcd_cmd(0xc3);
 268   4         lcd_dat(D+48); 
 269   4         }
 270   3         lcd_cmd(0xc3);
 271   3         lcd_dat('*');
 272   3         ms_delay(500);
 273   3              }
 274   2              lcd_cmd(0x01);
 275   2         A=B=C=D=0;
 276   2         lcd_cmd(0x80);
 277   2         lcd_puts("  We have two.  ");
 278   2         lcd_cmd(0xc0);
 279   2         lcd_puts("   devices...   ");
 280   2         secdelay(3);
 281   2         lcd_cmd(0x01);
 282   2         ms_delay(300);
 283   2         lcd_cmd(0x80);
 284   2         lcd_puts("A stepper motor.");
 285   2          secdelay(1);
 286   2         lcd_cmd(0x01);
 287   2         ms_delay(300);
 288   2         lcd_cmd(0x80);
 289   2         lcd_puts("    Bulb....    ");
 290   2         secdelay(1);
 291   2         lcd_cmd(0x01);
 292   2         ms_delay(500);
 293   2         lcd_cmd(0x80);
 294   2         lcd_puts("  ** Press 1 ** ");
 295   2           lcd_cmd(0xc0);
 296   2         lcd_puts("For Steppr Motor");
 297   2         secdelay(2);
 298   2         lcd_cmd(0x80);
 299   2         lcd_puts("                ");
 300   2          lcd_cmd(0x80);
 301   2         lcd_puts("  ** Press 2 ** ");
 302   2         lcd_cmd(0xc0);
 303   2         lcd_puts("                ");
C51 COMPILER V9.05   NOTE                                                                  07/30/2016 07:09:00 PAGE 6   

 304   2         lcd_cmd(0xc0);
 305   2         lcd_puts("    For Bulb    ");
 306   2         secdelay(2);
 307   2         lcd_cmd(0x01);
 308   2         secdelay(1);
 309   2         lcd_cmd(0x80);
 310   2         lcd_puts("   Enter no..   ");
 311   2         while(s3==1)
 312   2         {    
 313   3         if(s1==0)
 314   3                 {
 315   4                 A++;
 316   4                 }
 317   3                 while(s1==0);
 318   3                 if(A==10)
 319   3                         {
 320   4                         A=0;
 321   4                         }
 322   3         if(s2==0)
 323   3                 {
 324   4                A--;
 325   4                }
 326   3                 while(s2==0);
 327   3                 if(A<0)
 328   3                         {
 329   4                         A=9;
 330   4                         }
 331   3         lcd_cmd(0xc0);
 332   3         lcd_dat(A+48);
 333   3         }
 334   2         lcd_cmd(0xc0);
 335   2         lcd_dat('*');
 336   2         ms_delay(500);
 337   2              
 338   2              if(A==1)
 339   2         {
 340   3         lcd_cmd(0x01);
 341   3         secdelay(1);
 342   3         lcd_cmd(0x80);
 343   3         lcd_puts(" 0 for clkwise. ");
 344   3          lcd_cmd(0xc0);
 345   3         lcd_puts(" 1 for aclkwise ");
 346   3         secdelay(2);
 347   3         lcd_cmd(0x01);
 348   3         ms_delay(500);
 349   3         lcd_cmd(0x80);
 350   3         lcd_puts("  enter key.... ");
 351   3         while(s3==1)
 352   3         {    
 353   4         if(s1==0)
 354   4                 {
 355   5                 A++;
 356   5                 }
 357   4                 while(s1==0);
 358   4                 if(A==10)
 359   4                         {
 360   5                         A=0;
 361   5                         }
 362   4         if(s2==0)
 363   4                 {
 364   5                A--;
 365   5                }
C51 COMPILER V9.05   NOTE                                                                  07/30/2016 07:09:00 PAGE 7   

 366   4                 while(s2==0);
 367   4                 if(A<0)
 368   4                         {
 369   5                         A=9;
 370   5                         }
 371   4         lcd_cmd(0xc0);
 372   4         lcd_dat(A+48);
 373   4         }
 374   3         lcd_cmd(0xc0);
 375   3         lcd_dat('*');
 376   3         ms_delay(500);
 377   3         if(A==0)
 378   3         {
 379   4          lcd_cmd(0x01);
 380   4              secdelay(1);     
 381   4         lcd_cmd(0x80);
 382   4         lcd_puts("    Loading     ");
 383   4         ms_delay(500);
 384   4         lcd_cmd(0x80);
 385   4         lcd_puts("    Loading.     ");
 386   4         ms_delay(500);
 387   4          lcd_cmd(0x80);
 388   4         lcd_puts("    Loading..     ");
 389   4         ms_delay(500);
 390   4               while(s1!=0)
 391   4          {
 392   5              lcd_cmd(0x80);
 393   5              lcd_puts(" clk motor on.. ");
 394   5              clk(1);
 395   5          }
 396   4              }
 397   3                      else if(A==1)
 398   3                           {
 399   4                             lcd_cmd(0x01);
 400   4                             secdelay(1);
 401   4                                         lcd_cmd(0x80);
 402   4         lcd_puts("    Loading     ");
 403   4         ms_delay(500);
 404   4         lcd_cmd(0x80);
 405   4         lcd_puts("    Loading.     ");
 406   4         ms_delay(500);
 407   4          lcd_cmd(0x80);
 408   4         lcd_puts("    Loading..     ");
 409   4         ms_delay(500);
 410   4                             while(s1!=0)
 411   4                          {
 412   5                                lcd_cmd(0x80);
 413   5                                lcd_puts(" aclk motor on..");
 414   5                                aclk(1);
 415   5                                                }
 416   4                    
 417   4                                              }
 418   3                                              }
 419   2                   else if(A==2)
 420   2                           {
 421   3                             lcd_cmd(0x01);
 422   3                             secdelay(1);
 423   3                                         lcd_cmd(0x80);
 424   3         lcd_puts("    Loading     ");
 425   3         ms_delay(500);
 426   3         lcd_cmd(0x80);
 427   3         lcd_puts("    Loading.     ");
C51 COMPILER V9.05   NOTE                                                                  07/30/2016 07:09:00 PAGE 8   

 428   3         ms_delay(500);
 429   3          lcd_cmd(0x80);
 430   3         lcd_puts("    Loading..     ");
 431   3         ms_delay(500);
 432   3                             while(s1!=0)
 433   3                          {
 434   4                                lcd_cmd(0x80);
 435   4                                lcd_puts("   Bulb on...   ");
 436   4                                bulb=1;
 437   4                                                while(s1!=0);
 438   4                                                 }
 439   3                                                while(s1==0)
 440   3                               {
 441   4                                               motor=0;
 442   4                                               }               
 443   3                                              }
 444   2                      else
 445   2                      { 
 446   3                                                         lcd_cmd(0x80);
 447   3                                                         lcd_puts("  Wrong Choice  ");
 448   3                                                                         lcd_cmd(0xc0);
 449   3                                                         lcd_puts("  Try Again !!  ");
 450   3                                                                         secdelay(1);
 451   3                                                                         lcd_cmd(0xc0);
 452   3                                                                         lcd_puts("                ");
 453   3                                                                         secdelay(1);
 454   3                                                                         lcd_cmd(0xc0);
 455   3                                                         lcd_puts("  Try Again !!  ");
 456   3                                                                         secdelay(1);
 457   3                                                                         lcd_cmd(0xc0);
 458   3                                                                         lcd_puts("                ");
 459   3                                                                         secdelay(1);
 460   3                                         while(s1!=0);
 461   3                                                                         ms_delay(500);
 462   3      
 463   3              }
 464   2              }
 465   1              }       
*** WARNING C280 IN LINE 23 OF note.c: 'Q': unreferenced local variable
 466             


MODULE INFORMATION:   STATIC OVERLAYABLE
   CODE SIZE        =   1626    ----
   CONSTANT SIZE    =    403    ----
   XDATA SIZE       =   ----    ----
   PDATA SIZE       =   ----    ----
   DATA SIZE        =   ----       5
   IDATA SIZE       =   ----    ----
   BIT SIZE         =   ----    ----
END OF MODULE INFORMATION.


C51 COMPILATION COMPLETE.  1 WARNING(S),  0 ERROR(S)
