C51 COMPILER V9.05   NOTE                                                                  07/28/2016 03:47:41 PAGE 1   


C51 COMPILER V9.05, COMPILATION OF MODULE NOTE
OBJECT MODULE PLACED IN note.OBJ
COMPILER INVOKED BY: C:\Keil\C51\BIN\C51.EXE note.c BROWSE DEBUG OBJECTEXTEND

line level    source

   1          #include<reg51.h>
   2          #include<delay.h>
   3          #define motor P0
   4          sbit sw1=P3^0;
   5          sbit sw2=P3^1;
   6          sbit sw3=P3^2;
   7          void clk(unsigned char a)
   8          {
   9   1      unsigned char c;
  10   1      for(c=0;c<a;c++)
  11   1      {
  12   2      motor=0X04;
  13   2      ms_delay(30);
  14   2      motor=0X08;
  15   2      ms_delay(30);
  16   2      motor=0X10;
  17   2      ms_delay(30);
  18   2      motor=0X20;
  19   2      ms_delay(30);
  20   2      }
  21   1      }
  22          void aclk(unsigned char b)
  23          {
  24   1      unsigned char d;
  25   1      for(d=0;d<b;d++)
  26   1      {
  27   2      motor=0X20;
  28   2      ms_delay(30);
  29   2      motor=0X10;
  30   2      ms_delay(30);
  31   2      motor=0X08;
  32   2      ms_delay(30);
  33   2      motor=0X04;
  34   2      ms_delay(30);
  35   2      }
  36   1      }
  37          void main()
  38          {
  39   1      while(1)
  40   1      {
  41   2      if(sw1==0)
  42   2      {
  43   3      while(sw2==1&&sw3==1)
  44   3      {
  45   4      clk(1);
  46   4      }
  47   3      }
  48   2      else if(sw2==0)
  49   2      {
  50   3      while(sw1==1&&sw3==1)
  51   3      {
  52   4      aclk(1);
  53   4      }
  54   3      }
  55   2      else if(sw3==0)                                                                                          
C51 COMPILER V9.05   NOTE                                                                  07/28/2016 03:47:41 PAGE 2   

  56   2        {
  57   3      while(sw1==1&&sw2==1)
  58   3      {
  59   4      clk(40);
  60   4      ms_delay(30);
  61   4      aclk(40);
  62   4      }
  63   3      }
  64   2      }
  65   1      }
  66          
  67          


MODULE INFORMATION:   STATIC OVERLAYABLE
   CODE SIZE        =    204    ----
   CONSTANT SIZE    =   ----    ----
   XDATA SIZE       =   ----    ----
   PDATA SIZE       =   ----    ----
   DATA SIZE        =   ----    ----
   IDATA SIZE       =   ----    ----
   BIT SIZE         =   ----    ----
END OF MODULE INFORMATION.


C51 COMPILATION COMPLETE.  0 WARNING(S),  0 ERROR(S)
