C51 COMPILER V9.05   NOTE                                                                  08/06/2016 02:15:25 PAGE 1   


C51 COMPILER V9.05, COMPILATION OF MODULE NOTE
OBJECT MODULE PLACED IN note.OBJ
COMPILER INVOKED BY: C:\Keil\C51\BIN\C51.EXE note.c BROWSE DEBUG OBJECTEXTEND

line level    source

   1          #include<reg51.h>
   2          #include<delay.h>
   3          sbit a=P3^3;
   4          sbit b=P3^4;
   5          sbit c=P3^5;
   6          sbit d=P3^6;
   7          sbit R1=P2^0;
   8          sbit R2=P2^1;
   9          sbit R3=P2^2;
  10          sbit R4=P2^3;
  11          sbit led_1=P1^0;
  12          sbit led_2=P1^2;
  13          sbit led_3=P1^4;
  14          sbit led_4=P1^6;
  15          void main()
  16          {
  17   1      while(1)
  18   1      {
  19   2      if(a==0)
  20   2      {
  21   3      led_1=~led_1;
  22   3      R1=~R1;
  23   3      ms_delay(400);
  24   3      }
  25   2      if(b==0)
  26   2      {
  27   3      led_2=~led_2;
  28   3      R2=~R2;
  29   3      ms_delay(400);
  30   3      }
  31   2      if(c==0)
  32   2      {
  33   3      led_3=~led_3;
  34   3      R3=~R3;
  35   3      ms_delay(400);
  36   3      }
  37   2      if(d==0)
  38   2      {
  39   3      led_4=~led_4;
  40   3      R4=~R4;
  41   3      ms_delay(400);
  42   3      }
  43   2      }
  44   1      }


MODULE INFORMATION:   STATIC OVERLAYABLE
   CODE SIZE        =    118    ----
   CONSTANT SIZE    =   ----    ----
   XDATA SIZE       =   ----    ----
   PDATA SIZE       =   ----    ----
   DATA SIZE        =   ----    ----
   IDATA SIZE       =   ----    ----
   BIT SIZE         =   ----    ----
END OF MODULE INFORMATION.

C51 COMPILER V9.05   NOTE                                                                  08/06/2016 02:15:25 PAGE 2   


C51 COMPILATION COMPLETE.  0 WARNING(S),  0 ERROR(S)
