C51 COMPILER V9.05   NOTE                                                                  07/25/2016 05:31:54 PAGE 1   


C51 COMPILER V9.05, COMPILATION OF MODULE NOTE
OBJECT MODULE PLACED IN note.OBJ
COMPILER INVOKED BY: C:\Keil\C51\BIN\C51.EXE note.c BROWSE DEBUG OBJECTEXTEND

line level    source

   1          #include<reg51.h>
   2          #include<delay.h>
   3          #include<lcd.h>
   4          sbit s1=P3^0;
   5          sbit s2=P3^1;
   6          sbit s3=P3^2;
   7          void main()
   8          {
   9   1          int M=65,g,T,B;
  10   1              P0=0;
  11   1              lcd_init();
  12   1                        lcd_cmd(0x80);
  13   1                        lcd_puts(" Sending Data!!");  
  14   1                                        secdelay(1);
  15   1                                        
  16   1          SCON=0x50;
  17   1              TMOD=0x20;
  18   1      
  19   1              g=11.0592/12;
  20   1              T=g/32;
  21   1              
  22   1              B=T/9600;
  23   1      
  24   1              TL1=TH1=0xfd;
  25   1              TR1=1;
  26   1              
  27   1         
  28   1        lcd_cmd(0x01);
  29   1                                        ms_delay(500);
  30   1              while(1)
  31   1      {
  32   2                                lcd_cmd(0x80);
  33   2                        lcd_puts("DATA....");
  34   2                                        while(s3!=0)
  35   2                                        {
  36   3                                        if(s1==0)
  37   3                                        {
  38   4                                        M++;
  39   4                                        while(s1==0);
  40   4                                        }  
  41   3                        if(s2==0)
  42   3                                        {
  43   4                                        M--;
  44   4                                        while(s2==0);
  45   4                                        }
  46   3                                        lcd_cmd(0xc0);
  47   3                                        lcd_dat(M);
  48   3                                        }
  49   2                                        SBUF=M;
  50   2                                        while(TI!=1);
  51   2                                        lcd_cmd(0x80);
  52   2                        lcd_puts("sent....");
  53   2                                        TI=0;
  54   2                                        while(s3==0);
  55   2      }
C51 COMPILER V9.05   NOTE                                                                  07/25/2016 05:31:54 PAGE 2   

  56   1      }


MODULE INFORMATION:   STATIC OVERLAYABLE
   CODE SIZE        =    347    ----
   CONSTANT SIZE    =     34    ----
   XDATA SIZE       =   ----    ----
   PDATA SIZE       =   ----    ----
   DATA SIZE        =   ----       4
   IDATA SIZE       =   ----    ----
   BIT SIZE         =   ----    ----
END OF MODULE INFORMATION.


C51 COMPILATION COMPLETE.  0 WARNING(S),  0 ERROR(S)
