C51 COMPILER V9.05   RX                                                                    08/02/2016 03:24:13 PAGE 1   


C51 COMPILER V9.05, COMPILATION OF MODULE RX
OBJECT MODULE PLACED IN rx.OBJ
COMPILER INVOKED BY: C:\Keil\C51\BIN\C51.EXE rx.c BROWSE DEBUG OBJECTEXTEND

line level    source

   1          #include<reg51.h>
   2          #include<delay.h>
   3          #include<p2lcd.h>
   4          sbit s3=P3^2;
   5          void main()
   6          {
   7   1          int M,T,B;
   8   1              P0=0;
   9   1              lcd_init();
  10   1              lcd_cmd(0x01);                  
  11   1                                        
  12   1              SCON=0x50;
  13   1              TMOD=0x20;
  14   1      
  15   1              M=11.0592/12;
  16   1              T=M/32;
  17   1              
  18   1              B=T/9600;
  19   1      
  20   1              TL1=TH1=0xfd;
  21   1              TR1=1;
  22   1              
  23   1        
  24   1        lcd_cmd(0x01);
  25   1                                        lcd_cmd(0x80);
  26   1                        lcd_puts("  Recieving...  ");
  27   1                                        
  28   1              while(1)
  29   1      {                            
  30   2                                        while(RI!=1);
  31   2                                        RI=0;
  32   2                                        lcd_cmd(0xc0);
  33   2                                        M=SBUF;
  34   2                        lcd_dat(M);
  35   2                       
  36   2      
  37   2      
  38   2      }
  39   1      }


MODULE INFORMATION:   STATIC OVERLAYABLE
   CODE SIZE        =    276    ----
   CONSTANT SIZE    =     17    ----
   XDATA SIZE       =   ----    ----
   PDATA SIZE       =   ----    ----
   DATA SIZE        =   ----       4
   IDATA SIZE       =   ----    ----
   BIT SIZE         =   ----    ----
END OF MODULE INFORMATION.


C51 COMPILATION COMPLETE.  0 WARNING(S),  0 ERROR(S)
